<?xml version="1.0" encoding="UTF-8"?>
<!-- Generated by org.testng.reporters.JUnitXMLReporter -->
<testsuite ignored="0" hostname="DESKTOP-BBB5T0T" failures="0" tests="6" name="Default test" time="15.007" errors="0" timestamp="2023-04-15T12:45:56 IST">
  <testcase classname="api.test.DDTests" name="testPostuser" time="4.254"/>
  <testcase classname="api.test.DDTests" name="testPostuser" time="1.667"/>
  <testcase classname="api.test.DDTests" name="testPostuser" time="1.692"/>
  <testcase classname="api.test.DDTests" name="testDeleteUserByName" time="1.738"/>
  <testcase classname="api.test.DDTests" name="testDeleteUserByName" time="1.809"/>
  <testcase classname="api.test.DDTests" name="testDeleteUserByName" time="1.698"/>
</testsuite> <!-- Default test -->
