<?xml version="1.0" encoding="UTF-8"?>
<!-- Generated by org.testng.reporters.JUnitXMLReporter -->
<testsuite ignored="0" hostname="DESKTOP-BBB5T0T" failures="0" tests="4" name="PetTests" time="12.675" errors="0" timestamp="2023-04-15T17:03:47 IST">
  <testcase classname="api.test.UserTests2" name="testPostUser" time="4.162"/>
  <testcase classname="api.test.UserTests2" name="testGetUserByName" time="1.889"/>
  <testcase classname="api.test.UserTests2" name="testUpdateUserByName" time="3.557"/>
  <testcase classname="api.test.UserTests2" name="testDeleteUserByName" time="1.749"/>
</testsuite> <!-- PetTests -->
