<?xml version="1.0" encoding="UTF-8"?>
<!-- Generated by org.testng.reporters.JUnitXMLReporter -->
<testsuite ignored="0" hostname="DESKTOP-BBB5T0T" failures="0" tests="4" name="PetTests" time="19.249" errors="0" timestamp="2023-04-15T16:50:08 IST">
  <testcase classname="api.test.UserTests2" name="testPostUser" time="4.58"/>
  <testcase classname="api.test.UserTests2" name="testGetUserByName" time="2.236"/>
  <testcase classname="api.test.UserTests2" name="testUpdateUserByName" time="9.084"/>
  <testcase classname="api.test.UserTests2" name="testDeleteUserByName" time="1.94"/>
</testsuite> <!-- PetTests -->
